2022-10-08 12:16:46,602 Jakie dzia\u0142anie chcia\u0142by\u015b wykona\u0107:?
2022-10-08 12:16:46,603 1.Dodawanie
2022-10-08 12:16:46,603 2. Odejmowanie
2022-10-08 12:16:46,603 3. Mno\u017cenie
2022-10-08 12:16:46,603 4. Dzielenie
2022-10-08 12:17:42,038 Jakie dzia\u0142anie chcia\u0142by\u015b wykona\u0107:?
2022-10-08 12:17:42,038 1.Dodawanie
2022-10-08 12:17:42,038 2. Odejmowanie
2022-10-08 12:17:42,038 3. Mno\u017cenie
2022-10-08 12:17:42,038 4. Dzielenie
2022-10-08 12:17:51,201 1
2022-10-08 12:17:53,415 1
2022-10-08 12:18:04,978 Jakie dzia\u0142anie chcia\u0142by\u015b wykona\u0107:?
2022-10-08 12:18:04,978 1.Dodawanie
2022-10-08 12:18:04,978 2. Odejmowanie
2022-10-08 12:18:04,978 3. Mno\u017cenie
2022-10-08 12:18:04,978 4. Dzielenie
2022-10-08 12:18:06,078 2
2022-10-08 12:18:19,482 & C:/Users/lkubi/AppData/Local/Microsoft/WindowsApps/python3.10.exe c:/kalkulator/kalkulator.py
2022-10-08 12:18:22,667 3
2022-10-08 12:18:56,808 & C:/Users/lkubi/AppData/Local/Microsoft/WindowsApps/python3.10.exe c:/kalkulator/kalkulator.py
2022-10-08 12:18:59,997 2
2022-10-08 12:19:13,855 1
2022-10-08 12:19:14,765 2
2022-10-08 12:19:15,235 3
2022-10-08 12:19:15,673 4
2022-10-08 12:19:40,012 2
2022-10-08 12:20:13,966 2
2022-10-08 12:22:43,631 Jakie dzia\u0142anie chcia\u0142by\u015b wykona\u0107:?
2022-10-08 12:22:43,631 1.Dodawanie
2022-10-08 12:22:43,632 2. Odejmowanie
2022-10-08 12:22:43,632 3. Mno\u017cenie
2022-10-08 12:22:43,632 4. Dzielenie
2022-10-08 12:36:50,734 1
2022-10-08 12:43:55,044 wybrales dodawanie (1)
2022-10-08 12:57:07,960 5.0
2022-10-08 12:57:41,210 5.0
2022-10-08 13:44:08,559 4.0
2022-10-08 13:48:06,529 5.0
2022-10-08 13:50:30,272 5.0
2022-10-08 14:02:18,276 wynik dodawania
2022-10-08 14:12:18,660 2.0
2022-10-08 14:14:07,354 2.0
2022-10-08 14:14:07,354 3.0
2022-10-08 14:14:07,354 <function dodawanie at 0x000002170EA63E20>
2022-10-08 14:15:00,914 2.0
2022-10-08 14:15:00,914 3.0
2022-10-08 14:15:00,914 5.0
2022-10-08 14:17:31,995 2.0
2022-10-08 14:17:32,000 3.0
2022-10-08 14:18:58,489 2.0
2022-10-08 14:18:58,492 3.0
2022-10-08 14:20:08,598 2.0
2022-10-08 14:20:08,598 2.0
2022-10-08 14:21:02,811 Pierwsza liczba {num1}
2022-10-08 14:21:02,812 3.0
2022-10-08 14:21:37,270 Pierwsza liczba {num1}
2022-10-08 14:21:37,272 2.0
2022-10-08 14:30:41,020 3.0
2022-10-08 14:31:53,143 Pierwsza liczba 
2022-10-08 14:31:53,143 2.0
2022-10-08 14:31:53,143 3.0
2022-10-08 14:34:12,923 Pierwsza liczba 
2022-10-08 14:34:12,923 2.0
2022-10-08 14:34:12,923 2.0
2022-10-08 14:41:19,356 3.0
2022-10-08 14:44:14,271 cos
2022-10-08 14:44:14,271 2.0
2022-10-08 14:44:56,920 3.0
2022-10-08 14:59:19,962 cos{num1}
2022-10-08 15:01:30,192 cos3
2022-10-08 15:02:02,349 cos3
2022-10-08 15:02:28,543 cos2.0
2022-10-08 15:03:16,500 Twoja pierwsza liczba to 2.0
2022-10-08 15:04:17,757 Twoja pierwsza liczba to 2.0
2022-10-08 15:04:17,762 Twoja druga liczba to 3.0
2022-10-08 15:05:33,843 Twoja wybor to 1
2022-10-08 15:05:35,615 Twoja pierwsza liczba to 2.0
2022-10-08 15:05:35,615 Twoja druga liczba to 3.0
2022-10-08 15:06:07,050 Twoja wybor to 1
2022-10-08 15:06:24,226 Twoja wybor to 1
2022-10-08 15:06:39,955 Twoja wybor to 1
2022-10-08 15:07:34,020 Twoja wybor to & C:/Users/lkubi/AppData/Local/Microsoft/WindowsApps/python3.10.exe c:/kalkulator/kalkulator.py
2022-10-08 15:07:36,527 Twoja wybor to 1
2022-10-08 15:08:13,461 Twoja wybor to 1
2022-10-08 15:08:14,754 Twoja pierwsza liczba to 2.0
2022-10-08 15:08:14,754 Twoja druga liczba to 3.0
2022-10-08 15:15:10,526 Twoja wybor to 1
2022-10-08 15:15:11,882 Twoja pierwsza liczba to 2.0
2022-10-08 15:15:11,882 Twoja druga liczba to 3.0
2022-10-08 15:15:11,893 Twoja druga liczba to <function dodawanie at 0x0000012AB9E63E20>
2022-10-08 15:16:23,434 Twoja wybor to 1
2022-10-08 15:16:24,297 Twoja pierwsza liczba to 2.0
2022-10-08 15:16:24,297 Twoja druga liczba to 3.0
2022-10-08 15:18:29,066 Twoja wybor to 1
2022-10-08 15:18:30,137 Twoja pierwsza liczba to 2.0
2022-10-08 15:18:30,137 Twoja druga liczba to 3.0
2022-10-08 15:19:27,683 Twoja wybor to 1
2022-10-08 15:19:28,417 Twoja pierwsza liczba to 2.0
2022-10-08 15:19:28,418 Twoja druga liczba to 3.0
2022-10-08 15:20:15,500 Twoja wybor to 1
2022-10-08 15:20:16,321 Twoja pierwsza liczba to 2.0
2022-10-08 15:20:16,322 Twoja druga liczba to 3.0
2022-10-08 15:20:16,322 Twoj wynik to {dodawanie}
2022-10-08 15:21:33,510 Twoja wybor to 1
2022-10-08 15:21:34,243 Twoja pierwsza liczba to 2.0
2022-10-08 15:21:34,244 Twoja druga liczba to 3.0
2022-10-08 15:24:08,452 Twoja wybor to 1
2022-10-08 15:24:09,188 Twoja pierwsza liczba to 2.0
2022-10-08 15:24:09,188 Twoja druga liczba to 3.0
2022-10-08 15:25:23,095 Twoja wybor to 1
2022-10-08 15:25:23,984 Twoja pierwsza liczba to 2.0
2022-10-08 15:25:23,984 Twoja druga liczba to 3.0
2022-10-08 15:30:01,897 Twoja wybor to 1
2022-10-08 15:30:02,614 Twoja pierwsza liczba to 2.0
2022-10-08 15:30:02,614 Twoja druga liczba to 3.0
2022-10-08 15:31:17,303 Twoja wybor to 1
2022-10-08 15:31:18,430 Twoja pierwsza liczba to 2.0
2022-10-08 15:31:18,430 Twoja druga liczba to 3.0
2022-10-08 15:31:18,431 Twoj wynik to 
2022-10-08 15:32:03,409 Twoja wybor to 1
2022-10-08 15:32:04,285 Twoja pierwsza liczba to 2.0
2022-10-08 15:32:04,286 Twoja druga liczba to 3.0
2022-10-08 15:32:04,286 Twoj wynik to 
2022-10-08 15:33:12,830 Twoja wybor to 1
2022-10-08 15:33:13,652 Twoja pierwsza liczba to 2.0
2022-10-08 15:33:13,653 Twoja druga liczba to 3.0
2022-10-08 15:35:28,394 Twoja wybor to 1
2022-10-08 15:35:29,168 Twoja pierwsza liczba to 2.0
2022-10-08 15:35:29,168 Twoja druga liczba to 3.0
2022-10-08 15:35:29,168 Twoj wynik to 
2022-10-08 15:43:05,881 Twoja wybor to 1
2022-10-08 15:43:06,845 Twoja pierwsza liczba to 2.0
2022-10-08 15:43:06,846 Twoja druga liczba to 3.0
2022-10-08 15:43:06,846 <function dodawanie at 0x00000193C7B53E20> raised an error
2022-10-08 15:44:03,083 Twoja wybor to 1
2022-10-08 15:44:03,866 Twoja pierwsza liczba to 2.0
2022-10-08 15:44:03,866 Twoja druga liczba to 3.0
2022-10-08 15:44:03,866 5.0 raised an error
2022-10-08 15:45:32,345 Twoja wybor to 2
2022-10-08 15:45:33,811 Twoja pierwsza liczba to 3.0
2022-10-08 15:45:33,811 Twoja druga liczba to 4.0
2022-10-08 15:45:33,812 -1.0 wynik odejmowania
